<?xml version="1.0" encoding="UTF-8"?>
<testng-results ignored="0" total="1" passed="1" failed="0" skipped="0">
  <reporter-output>
  </reporter-output>
  <suite started-at="2024-03-15T11:07:53 IST" name="Default suite" finished-at="2024-03-15T11:08:38 IST" duration-ms="45003">
    <groups>
    </groups>
    <test started-at="2024-03-15T11:07:53 IST" name="Default test" finished-at="2024-03-15T11:08:38 IST" duration-ms="45003">
      <class name="assignment.FlipKartTest">
        <test-method signature="flipkart()[pri:0, instance:assignment.FlipKartTest@55b699ef]" started-at="2024-03-15T11:07:53 IST" name="flipkart" finished-at="2024-03-15T11:08:38 IST" duration-ms="44928" status="PASS">
          <reporter-output>
          </reporter-output>
        </test-method> <!-- flipkart -->
      </class> <!-- assignment.FlipKartTest -->
    </test> <!-- Default test -->
  </suite> <!-- Default suite -->
</testng-results>
