<?xml version="1.0" encoding="UTF-8"?>
<testng-results ignored="0" total="1" passed="1" failed="0" skipped="0">
  <reporter-output>
  </reporter-output>
  <suite started-at="2024-04-23T16:32:59 IST" name="Default suite" finished-at="2024-04-23T16:33:21 IST" duration-ms="22474">
    <groups>
    </groups>
    <test started-at="2024-04-23T16:32:59 IST" name="Default test" finished-at="2024-04-23T16:33:21 IST" duration-ms="22474">
      <class name="assignment.MakeMyTripTest">
        <test-method signature="booking()[pri:0, instance:assignment.MakeMyTripTest@2a3b5b47]" started-at="2024-04-23T16:32:59 IST" name="booking" finished-at="2024-04-23T16:33:21 IST" duration-ms="22415" status="PASS">
          <reporter-output>
          </reporter-output>
        </test-method> <!-- booking -->
      </class> <!-- assignment.MakeMyTripTest -->
    </test> <!-- Default test -->
  </suite> <!-- Default suite -->
</testng-results>
